<?xml version="1.0" encoding="UTF-8"?>
<testng-results skipped="0" failed="1" total="9" passed="8">
  <reporter-output>
  </reporter-output>
  <suite name="Suite" duration-ms="182415" started-at="2020-04-19T17:09:36Z" finished-at="2020-04-19T17:12:38Z">
    <groups>
    </groups>
    <test name="Test1" duration-ms="49863" started-at="2020-04-19T17:09:36Z" finished-at="2020-04-19T17:10:26Z">
      <class name="frameWork_8.EndToEndF_New.TestHomeWithLog4j">
        <test-method status="PASS" signature="baseFileBrowserAccess()[pri:0, instance:frameWork_8.EndToEndF_New.TestHomeWithLog4j@957e06]" name="baseFileBrowserAccess" is-config="true" duration-ms="9228" started-at="2020-04-19T18:09:36Z" finished-at="2020-04-19T18:09:45Z">
          <reporter-output>
          </reporter-output>
        </test-method> <!-- baseFileBrowserAccess -->
        <test-method status="FAIL" signature="homeQaclickAccess()[pri:0, instance:frameWork_8.EndToEndF_New.TestHomeWithLog4j@957e06]" name="homeQaclickAccess" duration-ms="7398" started-at="2020-04-19T18:09:45Z" finished-at="2020-04-19T18:09:52Z">
          <exception class="java.lang.AssertionError">
            <message>
              <![CDATA[expected [FEATURED COURSE] but found [FEATURED COURSES]]]>
            </message>
            <full-stacktrace>
              <![CDATA[java.lang.AssertionError: expected [FEATURED COURSE] but found [FEATURED COURSES]
	at org.testng.Assert.fail(Assert.java:94)
	at org.testng.Assert.failNotEquals(Assert.java:496)
	at org.testng.Assert.assertEquals(Assert.java:125)
	at org.testng.Assert.assertEquals(Assert.java:178)
	at org.testng.Assert.assertEquals(Assert.java:188)
	at frameWork_8.EndToEndF_New.TestHomeWithLog4j.homeQaclickAccess(TestHomeWithLog4j.java:98)
	at sun.reflect.NativeMethodAccessorImpl.invoke0(Native Method)
	at sun.reflect.NativeMethodAccessorImpl.invoke(NativeMethodAccessorImpl.java:62)
	at sun.reflect.DelegatingMethodAccessorImpl.invoke(DelegatingMethodAccessorImpl.java:43)
	at java.lang.reflect.Method.invoke(Method.java:498)
	at org.testng.internal.MethodInvocationHelper.invokeMethod(MethodInvocationHelper.java:85)
	at org.testng.internal.Invoker.invokeMethod(Invoker.java:639)
	at org.testng.internal.Invoker.invokeTestMethod(Invoker.java:816)
	at org.testng.internal.Invoker.invokeTestMethods(Invoker.java:1124)
	at org.testng.internal.TestMethodWorker.invokeTestMethods(TestMethodWorker.java:125)
	at org.testng.internal.TestMethodWorker.run(TestMethodWorker.java:108)
	at org.testng.TestRunner.privateRun(TestRunner.java:774)
	at org.testng.TestRunner.run(TestRunner.java:624)
	at org.testng.SuiteRunner.runTest(SuiteRunner.java:359)
	at org.testng.SuiteRunner.runSequentially(SuiteRunner.java:354)
	at org.testng.SuiteRunner.privateRun(SuiteRunner.java:312)
	at org.testng.SuiteRunner.run(SuiteRunner.java:261)
	at org.testng.SuiteRunnerWorker.runSuite(SuiteRunnerWorker.java:52)
	at org.testng.SuiteRunnerWorker.run(SuiteRunnerWorker.java:86)
	at org.testng.TestNG.runSuitesSequentially(TestNG.java:1191)
	at org.testng.TestNG.runSuitesLocally(TestNG.java:1116)
	at org.testng.TestNG.run(TestNG.java:1024)
	at org.apache.maven.surefire.testng.TestNGExecutor.run(TestNGExecutor.java:283)
	at org.apache.maven.surefire.testng.TestNGXmlTestSuite.execute(TestNGXmlTestSuite.java:75)
	at org.apache.maven.surefire.testng.TestNGProvider.invoke(TestNGProvider.java:120)
	at org.apache.maven.surefire.booter.ForkedBooter.runSuitesInProcess(ForkedBooter.java:377)
	at org.apache.maven.surefire.booter.ForkedBooter.execute(ForkedBooter.java:138)
	at org.apache.maven.surefire.booter.ForkedBooter.run(ForkedBooter.java:465)
	at org.apache.maven.surefire.booter.ForkedBooter.main(ForkedBooter.java:451)
]]>
            </full-stacktrace>
          </exception> <!-- java.lang.AssertionError -->
          <reporter-output>
          </reporter-output>
        </test-method> <!-- homeQaclickAccess -->
        <test-method status="PASS" signature="homeQaclickAccess2()[pri:0, instance:frameWork_8.EndToEndF_New.TestHomeWithLog4j@957e06]" name="homeQaclickAccess2" duration-ms="5056" started-at="2020-04-19T18:09:53Z" finished-at="2020-04-19T18:09:58Z">
          <reporter-output>
          </reporter-output>
        </test-method> <!-- homeQaclickAccess2 -->
        <test-method status="PASS" signature="loginQaclickAccess()[pri:0, instance:frameWork_8.EndToEndF_New.TestHomeWithLog4j@957e06]" name="loginQaclickAccess" duration-ms="27360" started-at="2020-04-19T18:09:58Z" finished-at="2020-04-19T18:10:25Z">
          <reporter-output>
          </reporter-output>
        </test-method> <!-- loginQaclickAccess -->
        <test-method status="PASS" signature="validateSearchBox()[pri:0, instance:frameWork_8.EndToEndF_New.TestHomeWithLog4j@957e06]" name="validateSearchBox" duration-ms="97" started-at="2020-04-19T18:10:25Z" finished-at="2020-04-19T18:10:25Z">
          <reporter-output>
          </reporter-output>
        </test-method> <!-- validateSearchBox -->
        <test-method status="PASS" signature="tearDown()[pri:0, instance:frameWork_8.EndToEndF_New.TestHomeWithLog4j@957e06]" name="tearDown" is-config="true" duration-ms="149" started-at="2020-04-19T18:10:25Z" finished-at="2020-04-19T18:10:26Z">
          <reporter-output>
          </reporter-output>
        </test-method> <!-- tearDown -->
      </class> <!-- frameWork_8.EndToEndF_New.TestHomeWithLog4j -->
    </test> <!-- Test1 -->
    <test name="Test2" duration-ms="45529" started-at="2020-04-19T17:10:26Z" finished-at="2020-04-19T17:11:11Z">
      <class name="frameWork_8.EndToEndF_New.TestHomeQaclick">
        <test-method status="PASS" signature="baseFileBrowserAccess()[pri:0, instance:frameWork_8.EndToEndF_New.TestHomeQaclick@4310d43]" name="baseFileBrowserAccess" is-config="true" duration-ms="8225" started-at="2020-04-19T18:10:26Z" finished-at="2020-04-19T18:10:34Z">
          <reporter-output>
          </reporter-output>
        </test-method> <!-- baseFileBrowserAccess -->
        <test-method status="PASS" signature="homeQaclickAccess()[pri:0, instance:frameWork_8.EndToEndF_New.TestHomeQaclick@4310d43]" name="homeQaclickAccess" duration-ms="11263" started-at="2020-04-19T18:10:34Z" finished-at="2020-04-19T18:10:45Z">
          <reporter-output>
          </reporter-output>
        </test-method> <!-- homeQaclickAccess -->
        <test-method status="PASS" signature="loginQaclickAccess()[pri:0, instance:frameWork_8.EndToEndF_New.TestHomeQaclick@4310d43]" name="loginQaclickAccess" duration-ms="25917" started-at="2020-04-19T18:10:45Z" finished-at="2020-04-19T18:11:11Z">
          <reporter-output>
          </reporter-output>
        </test-method> <!-- loginQaclickAccess -->
        <test-method status="PASS" signature="tearDown()[pri:0, instance:frameWork_8.EndToEndF_New.TestHomeQaclick@4310d43]" name="tearDown" is-config="true" duration-ms="121" started-at="2020-04-19T18:11:11Z" finished-at="2020-04-19T18:11:11Z">
          <reporter-output>
          </reporter-output>
        </test-method> <!-- tearDown -->
      </class> <!-- frameWork_8.EndToEndF_New.TestHomeQaclick -->
    </test> <!-- Test2 -->
    <test name="Test3" duration-ms="86986" started-at="2020-04-19T17:11:11Z" finished-at="2020-04-19T17:12:38Z">
      <class name="testWithTestngData.TestHomeWithParameterizing">
        <test-method status="PASS" signature="loginQaclickAccess(java.lang.String, java.lang.String)[pri:0, instance:testWithTestngData.TestHomeWithParameterizing@2dc54ad4]" name="loginQaclickAccess" duration-ms="44995" started-at="2020-04-19T18:11:11Z" data-provider="getData" finished-at="2020-04-19T18:11:56Z">
          <params>
            <param index="0">
              <value>
                <![CDATA[olushesi@yahoo.com]]>
              </value>
            </param>
            <param index="1">
              <value>
                <![CDATA[Rodmanraylex1]]>
              </value>
            </param>
          </params>
          <reporter-output>
          </reporter-output>
        </test-method> <!-- loginQaclickAccess -->
        <test-method status="PASS" signature="loginQaclickAccess(java.lang.String, java.lang.String)[pri:0, instance:testWithTestngData.TestHomeWithParameterizing@2dc54ad4]" name="loginQaclickAccess" duration-ms="23690" started-at="2020-04-19T18:11:56Z" data-provider="getData" finished-at="2020-04-19T18:12:20Z">
          <params>
            <param index="0">
              <value>
                <![CDATA[secondusername]]>
              </value>
            </param>
            <param index="1">
              <value>
                <![CDATA[secondpassword]]>
              </value>
            </param>
          </params>
          <reporter-output>
          </reporter-output>
        </test-method> <!-- loginQaclickAccess -->
        <test-method status="PASS" signature="loginQaclickAccess(java.lang.String, java.lang.String)[pri:0, instance:testWithTestngData.TestHomeWithParameterizing@2dc54ad4]" name="loginQaclickAccess" duration-ms="18293" started-at="2020-04-19T18:12:20Z" data-provider="getData" finished-at="2020-04-19T18:12:38Z">
          <params>
            <param index="0">
              <value>
                <![CDATA[thirdusername]]>
              </value>
            </param>
            <param index="1">
              <value>
                <![CDATA[thirdpassword]]>
              </value>
            </param>
          </params>
          <reporter-output>
          </reporter-output>
        </test-method> <!-- loginQaclickAccess -->
      </class> <!-- testWithTestngData.TestHomeWithParameterizing -->
    </test> <!-- Test3 -->
  </suite> <!-- Suite -->
</testng-results>
